<?xml version="1.0" encoding="utf-8"?><testsuites name="pytest tests"><testsuite name="pytest" errors="0" failures="0" skipped="0" tests="11" time="3.165" timestamp="2026-09-13T03:46:59.998267+00:00" hostname="agent-env-33ea7ab2-278a-4735-be82-eda801e2ab79"><testcase classname="tests.test_chat" name="test_patient_get_messages_includes_hours_and_clinic" time="0.478" /><testcase classname="tests.test_chat" name="test_patient_send_message_appears_in_thread" time="0.174" /><testcase classname="tests.test_chat" name="test_patient_send_empty_rejected" time="0.089" /><testcase classname="tests.test_chat" name="test_staff_conversations_lists_patient" time="0.334" /><testcase classname="tests.test_chat" name="test_staff_conversations_unread_sorted_first" time="0.193" /><testcase classname="tests.test_chat" name="test_staff_thread_marks_patient_msgs_read" time="0.448" /><testcase classname="tests.test_chat" name="test_staff_reply_and_patient_unread" time="0.347" /><testcase classname="tests.test_chat" name="test_patient_endpoints_reject_staff" time="0.249" /><testcase classname="tests.test_chat" name="test_staff_endpoints_reject_patient" time="0.177" /><testcase classname="tests.test_chat" name="test_staff_cannot_access_unassigned_patient" time="0.172" /><testcase classname="tests.test_chat" name="test_no_token_rejected" time="0.167" /></testsuite></testsuites>