<?xml version="1.0" encoding="utf-8"?><testsuites name="pytest tests"><testsuite name="pytest" errors="0" failures="0" skipped="0" tests="24" time="5.304" timestamp="2026-09-13T02:55:28.943359+00:00" hostname="agent-env-fd4ba898-b5fb-4d49-b87f-bf4aed6f497d"><testcase classname="tests.test_melati_backend" name="test_login_patient" time="0.473" /><testcase classname="tests.test_melati_backend" name="test_login_staff" time="0.147" /><testcase classname="tests.test_melati_backend" name="test_login_wrong_pin" time="0.150" /><testcase classname="tests.test_melati_backend" name="test_me_patient" time="0.254" /><testcase classname="tests.test_melati_backend" name="test_me_staff" time="0.238" /><testcase classname="tests.test_melati_backend" name="test_patient_cannot_access_staff" time="0.101" /><testcase classname="tests.test_melati_backend" name="test_staff_cannot_access_patient" time="0.098" /><testcase classname="tests.test_melati_backend" name="test_no_token" time="0.094" /><testcase classname="tests.test_melati_backend" name="test_patient_today" time="0.102" /><testcase classname="tests.test_melati_backend" name="test_patient_schedule" time="0.095" /><testcase classname="tests.test_melati_backend" name="test_patient_help" time="0.097" /><testcase classname="tests.test_melati_backend" name="test_symptom_severe_creates_red_alert" time="0.353" /><testcase classname="tests.test_melati_backend" name="test_symptom_mild_not_red" time="0.239" /><testcase classname="tests.test_melati_backend" name="test_unable_creates_orange_alert" time="0.253" /><testcase classname="tests.test_melati_backend" name="test_dose_confirm_and_duplicate" time="0.189" /><testcase classname="tests.test_melati_backend" name="test_change_pin" time="0.616" /><testcase classname="tests.test_melati_backend" name="test_logout_all_invalidates" time="0.361" /><testcase classname="tests.test_melati_backend" name="test_staff_dashboard" time="0.128" /><testcase classname="tests.test_melati_backend" name="test_staff_patients_list" time="0.157" /><testcase classname="tests.test_melati_backend" name="test_staff_patients_filter_search" time="0.169" /><testcase classname="tests.test_melati_backend" name="test_staff_patients_filter_risk" time="0.167" /><testcase classname="tests.test_melati_backend" name="test_staff_patient_detail" time="0.295" /><testcase classname="tests.test_melati_backend" name="test_staff_update_plan_writes_audit" time="0.208" /><testcase classname="tests.test_melati_backend" name="test_staff_alerts_list_and_action" time="0.271" /></testsuite></testsuites>