<?xml version="1.0" encoding="utf-8"?><testsuites name="pytest tests"><testsuite name="pytest" errors="0" failures="0" skipped="0" tests="19" time="4.847" timestamp="2026-09-13T04:05:38.221896+00:00" hostname="agent-env-33ea7ab2-278a-4735-be82-eda801e2ab79"><testcase classname="tests.test_staff_patient_mgmt.TestRBAC" name="test_patient_cannot_create" time="0.457" /><testcase classname="tests.test_staff_patient_mgmt.TestCreatePatient" name="test_create_success_returns_minimal_shape" time="0.586" /><testcase classname="tests.test_staff_patient_mgmt.TestRBAC" name="test_no_token_create" time="0.086" /><testcase classname="tests.test_staff_patient_mgmt.TestCreatePatient" name="test_create_persists_and_appears_in_list_and_dashboard" time="0.937" /><testcase classname="tests.test_staff_patient_mgmt.TestRBAC" name="test_patient_cannot_patch_profile" time="0.560" /><testcase classname="tests.test_staff_patient_mgmt.TestRBAC" name="test_patient_cannot_delete" time="0.081" /><testcase classname="tests.test_staff_patient_mgmt.TestRBAC" name="test_fake_patient_id_404" time="0.187" /><testcase classname="tests.test_staff_patient_mgmt.TestUpdateProfile" name="test_update_all_valid_fields" time="0.321" /><testcase classname="tests.test_staff_patient_mgmt.TestCreatePatient" name="test_created_patient_can_login_with_initial_pin" time="0.379" /><testcase classname="tests.test_staff_patient_mgmt.TestUpdateProfile" name="test_name_phone_reflected_on_user_login" time="0.596" /><testcase classname="tests.test_staff_patient_mgmt.TestCreatePatient" name="test_username_uniqueness_case_insensitive" time="0.307" /><testcase classname="tests.test_staff_patient_mgmt.TestCreatePatient" name="test_invalid_username_regex" time="0.239" /><testcase classname="tests.test_staff_patient_mgmt.TestUpdateProfile" name="test_invalid_status_400" time="0.082" /><testcase classname="tests.test_staff_patient_mgmt.TestUpdateProfile" name="test_invalid_age_group_400" time="0.120" /><testcase classname="tests.test_staff_patient_mgmt.TestCreatePatient" name="test_invalid_pin_non_numeric" time="0.096" /><testcase classname="tests.test_staff_patient_mgmt.TestUpdateProfile" name="test_empty_body_ok" time="0.080" /><testcase classname="tests.test_staff_patient_mgmt.TestCreatePatient" name="test_missing_required_fields_422" time="0.565" /><testcase classname="tests.test_staff_patient_mgmt.TestSoftDelete" name="test_soft_delete_hides_everywhere_and_blocks_login" time="1.335" /><testcase classname="tests.test_staff_patient_mgmt.TestSoftDelete" name="test_soft_delete_does_not_hard_delete_in_db" time="0.513" /></testsuite></testsuites>